;  LST file generated by mikroListExporter - v.2.0 
; Date/Time: 10/08/2014 21:54:06
;----------------------------------------------

;Address Opcode 	ASM
0x0000	0xF001EFF9  	GOTO        1010
0x0004	0x0000      	NOP
0x0006	0x0000      	NOP
0x0008	0xF000EF00  	GOTO        0
0x000C	0x0000      	NOP
0x000E	0x0000      	NOP
0x0010	0x0000      	NOP
0x0012	0x0000      	NOP
0x0014	0x0000      	NOP
0x0016	0x0000      	NOP
0x0018	0xD7F3      	BRA         0
_Delay_50us:
;__Lib_Delays.c,19 :: 		void Delay_50us() {
;__Lib_Delays.c,20 :: 		Delay_us(50);
0x001C	0x0E53      	MOVLW       83
0x001E	0x6E0D      	MOVWF       R13, 0
L_Delay_50us2:
0x0020	0x2E0D      	DECFSZ      R13, 1, 0
0x0022	0xD7FE      	BRA         L_Delay_50us2
;__Lib_Delays.c,21 :: 		}
L_end_Delay_50us:
0x0024	0x0012      	RETURN      0
; end of _Delay_50us
_Delay_5500us:
;__Lib_Delays.c,31 :: 		void Delay_5500us() {
;__Lib_Delays.c,32 :: 		Delay_us(5500);
0x0026	0x0E24      	MOVLW       36
0x0028	0x6E0C      	MOVWF       R12, 0
0x002A	0x0EB5      	MOVLW       181
0x002C	0x6E0D      	MOVWF       R13, 0
L_Delay_5500us5:
0x002E	0x2E0D      	DECFSZ      R13, 1, 0
0x0030	0xD7FE      	BRA         L_Delay_5500us5
0x0032	0x2E0C      	DECFSZ      R12, 1, 0
0x0034	0xD7FC      	BRA         L_Delay_5500us5
0x0036	0x0000      	NOP
0x0038	0x0000      	NOP
;__Lib_Delays.c,33 :: 		}
L_end_Delay_5500us:
0x003A	0x0012      	RETURN      0
; end of _Delay_5500us
_Delay_1us:
;__Lib_Delays.c,7 :: 		void Delay_1us() {
;__Lib_Delays.c,8 :: 		Delay_us(1);
0x003C	0x0000      	NOP
0x003E	0x0000      	NOP
0x0040	0x0000      	NOP
0x0042	0x0000      	NOP
0x0044	0x0000      	NOP
;__Lib_Delays.c,9 :: 		}
L_end_Delay_1us:
0x0046	0x0012      	RETURN      0
; end of _Delay_1us
_Lcd_Cmd:
;__Lib_Lcd.c,18 :: 		
;__Lib_Lcd.c,20 :: 		
0x0048	0xBE4B      	BTFSC       FARG_Lcd_Cmd_out_char, 7 
0x004A	0xD002      	BRA         L__Lcd_Cmd21
0x004C	0x9E8C      	BCF         LCD_D7, BitPos(LCD_D7+0) 
0x004E	0xD001      	BRA         L__Lcd_Cmd22
L__Lcd_Cmd21:
0x0050	0x8E8C      	BSF         LCD_D7, BitPos(LCD_D7+0) 
L__Lcd_Cmd22:
;__Lib_Lcd.c,21 :: 		
0x0052	0xBC4B      	BTFSC       FARG_Lcd_Cmd_out_char, 6 
0x0054	0xD002      	BRA         L__Lcd_Cmd23
0x0056	0x9C8C      	BCF         LCD_D6, BitPos(LCD_D6+0) 
0x0058	0xD001      	BRA         L__Lcd_Cmd24
L__Lcd_Cmd23:
0x005A	0x8C8C      	BSF         LCD_D6, BitPos(LCD_D6+0) 
L__Lcd_Cmd24:
;__Lib_Lcd.c,22 :: 		
0x005C	0xBA4B      	BTFSC       FARG_Lcd_Cmd_out_char, 5 
0x005E	0xD002      	BRA         L__Lcd_Cmd25
0x0060	0x9A8C      	BCF         LCD_D5, BitPos(LCD_D5+0) 
0x0062	0xD001      	BRA         L__Lcd_Cmd26
L__Lcd_Cmd25:
0x0064	0x8A8C      	BSF         LCD_D5, BitPos(LCD_D5+0) 
L__Lcd_Cmd26:
;__Lib_Lcd.c,23 :: 		
0x0066	0xB84B      	BTFSC       FARG_Lcd_Cmd_out_char, 4 
0x0068	0xD002      	BRA         L__Lcd_Cmd27
0x006A	0x988C      	BCF         LCD_D4, BitPos(LCD_D4+0) 
0x006C	0xD001      	BRA         L__Lcd_Cmd28
L__Lcd_Cmd27:
0x006E	0x888C      	BSF         LCD_D4, BitPos(LCD_D4+0) 
L__Lcd_Cmd28:
;__Lib_Lcd.c,25 :: 		
0x0070	0xB01C      	BTFSC       __Lib_Lcd_cmd_status, BitPos(__Lib_Lcd_cmd_status+0) 
0x0072	0xD002      	BRA         L__Lcd_Cmd29
0x0074	0x808D      	BSF         LCD_RS, BitPos(LCD_RS+0) 
0x0076	0xD001      	BRA         L__Lcd_Cmd30
L__Lcd_Cmd29:
0x0078	0x908D      	BCF         LCD_RS, BitPos(LCD_RS+0) 
L__Lcd_Cmd30:
;__Lib_Lcd.c,28 :: 		
0x007A	0x828D      	BSF         LCD_EN, BitPos(LCD_EN+0) 
;__Lib_Lcd.c,29 :: 		
0x007C	0xDFDF      	RCALL       _Delay_1us
;__Lib_Lcd.c,30 :: 		
0x007E	0x928D      	BCF         LCD_EN, BitPos(LCD_EN+0) 
;__Lib_Lcd.c,33 :: 		
0x0080	0xB64B      	BTFSC       FARG_Lcd_Cmd_out_char, 3 
0x0082	0xD002      	BRA         L__Lcd_Cmd31
0x0084	0x9E8C      	BCF         LCD_D7, BitPos(LCD_D7+0) 
0x0086	0xD001      	BRA         L__Lcd_Cmd32
L__Lcd_Cmd31:
0x0088	0x8E8C      	BSF         LCD_D7, BitPos(LCD_D7+0) 
L__Lcd_Cmd32:
;__Lib_Lcd.c,34 :: 		
0x008A	0xB44B      	BTFSC       FARG_Lcd_Cmd_out_char, 2 
0x008C	0xD002      	BRA         L__Lcd_Cmd33
0x008E	0x9C8C      	BCF         LCD_D6, BitPos(LCD_D6+0) 
0x0090	0xD001      	BRA         L__Lcd_Cmd34
L__Lcd_Cmd33:
0x0092	0x8C8C      	BSF         LCD_D6, BitPos(LCD_D6+0) 
L__Lcd_Cmd34:
;__Lib_Lcd.c,35 :: 		
0x0094	0xB24B      	BTFSC       FARG_Lcd_Cmd_out_char, 1 
0x0096	0xD002      	BRA         L__Lcd_Cmd35
0x0098	0x9A8C      	BCF         LCD_D5, BitPos(LCD_D5+0) 
0x009A	0xD001      	BRA         L__Lcd_Cmd36
L__Lcd_Cmd35:
0x009C	0x8A8C      	BSF         LCD_D5, BitPos(LCD_D5+0) 
L__Lcd_Cmd36:
;__Lib_Lcd.c,36 :: 		
0x009E	0xB04B      	BTFSC       FARG_Lcd_Cmd_out_char, 0 
0x00A0	0xD002      	BRA         L__Lcd_Cmd37
0x00A2	0x988C      	BCF         LCD_D4, BitPos(LCD_D4+0) 
0x00A4	0xD001      	BRA         L__Lcd_Cmd38
L__Lcd_Cmd37:
0x00A6	0x888C      	BSF         LCD_D4, BitPos(LCD_D4+0) 
L__Lcd_Cmd38:
;__Lib_Lcd.c,38 :: 		
0x00A8	0xB01C      	BTFSC       __Lib_Lcd_cmd_status, BitPos(__Lib_Lcd_cmd_status+0) 
0x00AA	0xD002      	BRA         L__Lcd_Cmd39
0x00AC	0x808D      	BSF         LCD_RS, BitPos(LCD_RS+0) 
0x00AE	0xD001      	BRA         L__Lcd_Cmd40
L__Lcd_Cmd39:
0x00B0	0x908D      	BCF         LCD_RS, BitPos(LCD_RS+0) 
L__Lcd_Cmd40:
;__Lib_Lcd.c,40 :: 		
0x00B2	0x828D      	BSF         LCD_EN, BitPos(LCD_EN+0) 
;__Lib_Lcd.c,41 :: 		
0x00B4	0xDFC3      	RCALL       _Delay_1us
;__Lib_Lcd.c,42 :: 		
0x00B6	0x928D      	BCF         LCD_EN, BitPos(LCD_EN+0) 
;__Lib_Lcd.c,44 :: 		
0x00B8	0xA01C      	BTFSS       __Lib_Lcd_cmd_status, BitPos(__Lib_Lcd_cmd_status+0) 
0x00BA	0xD002      	BRA         L_Lcd_Cmd0
;__Lib_Lcd.c,45 :: 		
0x00BC	0xDFB4      	RCALL       _Delay_5500us
0x00BE	0xD001      	BRA         L_Lcd_Cmd1
L_Lcd_Cmd0:
;__Lib_Lcd.c,47 :: 		
0x00C0	0xDFAD      	RCALL       _Delay_50us
L_Lcd_Cmd1:
;__Lib_Lcd.c,48 :: 		
L_end_Lcd_Cmd:
0x00C2	0x0012      	RETURN      0
; end of _Lcd_Cmd
_Lcd_Chr_CP:
;__Lib_Lcd.c,50 :: 		
;__Lib_Lcd.c,52 :: 		
0x00C4	0x901C      	BCF         __Lib_Lcd_cmd_status, BitPos(__Lib_Lcd_cmd_status+0) 
;__Lib_Lcd.c,53 :: 		
0x00C6	0xF04BC04A  	MOVFF       FARG_Lcd_Chr_CP_out_char, FARG_Lcd_Cmd_out_char
0x00CA	0xDFBE      	RCALL       _Lcd_Cmd
;__Lib_Lcd.c,54 :: 		
0x00CC	0x801C      	BSF         __Lib_Lcd_cmd_status, BitPos(__Lib_Lcd_cmd_status+0) 
;__Lib_Lcd.c,55 :: 		
L_end_Lcd_Chr_CP:
0x00CE	0x0012      	RETURN      0
; end of _Lcd_Chr_CP
___CC2DW:
;__Lib_System.c,21 :: 		
;__Lib_System.c,23 :: 		
_CC2DL_Loop1:
;__Lib_System.c,24 :: 		
0x00D0	0x0009      	TBLRD*+
;__Lib_System.c,25 :: 		
0x00D2	0xFFE6CFF5  	MOVFF       TABLAT, POSTINC1
;__Lib_System.c,26 :: 		
0x00D6	0x0600      	DECF        R0, 1, 0
;__Lib_System.c,27 :: 		
0x00D8	0xE1FB      	BNZ         _CC2DL_Loop1
;__Lib_System.c,28 :: 		
0x00DA	0x0601      	DECF        R1, 1, 0
;__Lib_System.c,29 :: 		
0x00DC	0xE1F9      	BNZ         _CC2DL_Loop1
;__Lib_System.c,31 :: 		
L_end___CC2DW:
0x00DE	0x0012      	RETURN      0
; end of ___CC2DW
_Div_16x16_U:
;__Lib_Math.c,102 :: 		
;__Lib_Math.c,109 :: 		
0x00E0	0x6A08      	CLRF        R8, 0
;__Lib_Math.c,110 :: 		
0x00E2	0x6A09      	CLRF        R9, 0
;__Lib_Math.c,111 :: 		
0x00E4	0x0E10      	MOVLW       16
;__Lib_Math.c,112 :: 		
0x00E6	0x6E0C      	MOVWF       R12, 0
;__Lib_Math.c,113 :: 		
0x00E8	0x3401      	RLCF        R1, 0, 0
;__Lib_Math.c,114 :: 		
0x00EA	0x3608      	RLCF        R8, 1, 0
;__Lib_Math.c,115 :: 		
0x00EC	0x3609      	RLCF        R9, 1, 0
;__Lib_Math.c,116 :: 		
0x00EE	0x5004      	MOVF        R4, 0, 0
;__Lib_Math.c,117 :: 		
0x00F0	0x5E08      	SUBWF       R8, 1, 0
;__Lib_Math.c,118 :: 		
0x00F2	0x5005      	MOVF        R5, 0, 0
;__Lib_Math.c,119 :: 		
0x00F4	0xA0D8      	BTFSS       STATUS, 0, 0
;__Lib_Math.c,120 :: 		
0x00F6	0x3C05      	INCFSZ      R5, 0, 0
;__Lib_Math.c,121 :: 		
0x00F8	0x5E09      	SUBWF       R9, 1, 0
;__Lib_Math.c,122 :: 		
0x00FA	0xB0D8      	BTFSC       STATUS, 0, 0
;__Lib_Math.c,123 :: 		
0x00FC	0xD007      	BRA         $+16
;__Lib_Math.c,124 :: 		
0x00FE	0x5004      	MOVF        R4, 0, 0
;__Lib_Math.c,125 :: 		
0x0100	0x2608      	ADDWF       R8, 1, 0
;__Lib_Math.c,126 :: 		
0x0102	0x5005      	MOVF        R5, 0, 0
;__Lib_Math.c,127 :: 		
0x0104	0xB0D8      	BTFSC       STATUS, 0, 0
;__Lib_Math.c,128 :: 		
0x0106	0x3C05      	INCFSZ      R5, 0, 0
;__Lib_Math.c,129 :: 		
0x0108	0x2609      	ADDWF       R9, 1, 0
;__Lib_Math.c,130 :: 		
0x010A	0x90D8      	BCF         STATUS, 0, 0
;__Lib_Math.c,131 :: 		
0x010C	0x3600      	RLCF        R0, 1, 0
;__Lib_Math.c,132 :: 		
0x010E	0x3601      	RLCF        R1, 1, 0
;__Lib_Math.c,133 :: 		
0x0110	0x2E0C      	DECFSZ      R12, 1, 0
;__Lib_Math.c,134 :: 		
0x0112	0xD7EA      	BRA         $-42
;__Lib_Math.c,136 :: 		
L_end_Div_16x16_U:
0x0114	0x0012      	RETURN      0
; end of _Div_16x16_U
_Lcd_Out:
;__Lib_Lcd.c,184 :: 		
;__Lib_Lcd.c,187 :: 		
0x0116	0xD00F      	BRA         L_Lcd_Out11
;__Lib_Lcd.c,188 :: 		
L_Lcd_Out13:
0x0118	0x0E80      	MOVLW       128
0x011A	0x6E45      	MOVWF       FARG_Lcd_Out_row 
0x011C	0xD019      	BRA         L_Lcd_Out12
;__Lib_Lcd.c,189 :: 		
L_Lcd_Out14:
0x011E	0x0EC0      	MOVLW       192
0x0120	0x6E45      	MOVWF       FARG_Lcd_Out_row 
0x0122	0xD016      	BRA         L_Lcd_Out12
;__Lib_Lcd.c,190 :: 		
L_Lcd_Out15:
0x0124	0x0E94      	MOVLW       148
0x0126	0x6E45      	MOVWF       FARG_Lcd_Out_row 
0x0128	0xD013      	BRA         L_Lcd_Out12
;__Lib_Lcd.c,191 :: 		
L_Lcd_Out16:
0x012A	0x0ED4      	MOVLW       212
0x012C	0x6E45      	MOVWF       FARG_Lcd_Out_row 
0x012E	0xD010      	BRA         L_Lcd_Out12
;__Lib_Lcd.c,192 :: 		
L_Lcd_Out17:
0x0130	0x0E80      	MOVLW       128
0x0132	0x6E45      	MOVWF       FARG_Lcd_Out_row 
;__Lib_Lcd.c,193 :: 		
0x0134	0xD00D      	BRA         L_Lcd_Out12
L_Lcd_Out11:
0x0136	0x5045      	MOVF        FARG_Lcd_Out_row, 0 
0x0138	0x0A01      	XORLW       1
0x013A	0xE0EE      	BZ          L_Lcd_Out13
0x013C	0x5045      	MOVF        FARG_Lcd_Out_row, 0 
0x013E	0x0A02      	XORLW       2
0x0140	0xE0EE      	BZ          L_Lcd_Out14
0x0142	0x5045      	MOVF        FARG_Lcd_Out_row, 0 
0x0144	0x0A03      	XORLW       3
0x0146	0xE0EE      	BZ          L_Lcd_Out15
0x0148	0x5045      	MOVF        FARG_Lcd_Out_row, 0 
0x014A	0x0A04      	XORLW       4
0x014C	0xE0EE      	BZ          L_Lcd_Out16
0x014E	0xD7F0      	BRA         L_Lcd_Out17
L_Lcd_Out12:
;__Lib_Lcd.c,194 :: 		
0x0150	0x0446      	DECF        FARG_Lcd_Out_column, 0 
0x0152	0x6E00      	MOVWF       R0 
0x0154	0x5045      	MOVF        FARG_Lcd_Out_row, 0 
0x0156	0x2600      	ADDWF       R0, 1 
0x0158	0xF045C000  	MOVFF       R0, FARG_Lcd_Out_row
;__Lib_Lcd.c,196 :: 		
0x015C	0xF04BC000  	MOVFF       R0, FARG_Lcd_Cmd_out_char
0x0160	0xDF73      	RCALL       _Lcd_Cmd
;__Lib_Lcd.c,197 :: 		
0x0162	0x901C      	BCF         __Lib_Lcd_cmd_status, BitPos(__Lib_Lcd_cmd_status+0) 
;__Lib_Lcd.c,198 :: 		
0x0164	0x6A49      	CLRF        Lcd_Out_i_L0 
;__Lib_Lcd.c,199 :: 		
L_Lcd_Out18:
0x0166	0x5049      	MOVF        Lcd_Out_i_L0, 0 
0x0168	0x2447      	ADDWF       FARG_Lcd_Out_text, 0 
0x016A	0x6EE9      	MOVWF       FSR0L 
0x016C	0x0E00      	MOVLW       0
0x016E	0x2048      	ADDWFC      FARG_Lcd_Out_text+1, 0 
0x0170	0x6EEA      	MOVWF       FSR0H 
0x0172	0x52EE      	MOVF        POSTINC0, 1 
0x0174	0xE00B      	BZ          L_Lcd_Out19
;__Lib_Lcd.c,200 :: 		
0x0176	0x5049      	MOVF        Lcd_Out_i_L0, 0 
0x0178	0x2447      	ADDWF       FARG_Lcd_Out_text, 0 
0x017A	0x6EE9      	MOVWF       FSR0L 
0x017C	0x0E00      	MOVLW       0
0x017E	0x2048      	ADDWFC      FARG_Lcd_Out_text+1, 0 
0x0180	0x6EEA      	MOVWF       FSR0H 
0x0182	0xF04ACFEE  	MOVFF       POSTINC0, FARG_Lcd_Chr_CP_out_char
0x0186	0xDF9E      	RCALL       _Lcd_Chr_CP
0x0188	0x2A49      	INCF        Lcd_Out_i_L0, 1 
0x018A	0xD7ED      	BRA         L_Lcd_Out18
L_Lcd_Out19:
;__Lib_Lcd.c,201 :: 		
0x018C	0x801C      	BSF         __Lib_Lcd_cmd_status, BitPos(__Lib_Lcd_cmd_status+0) 
;__Lib_Lcd.c,202 :: 		
L_end_Lcd_Out:
0x018E	0x0012      	RETURN      0
; end of _Lcd_Out
_Delay_10us:
;__Lib_Delays.c,11 :: 		void Delay_10us() {
;__Lib_Delays.c,12 :: 		Delay_us(10);
0x0190	0x0E10      	MOVLW       16
0x0192	0x6E0D      	MOVWF       R13, 0
L_Delay_10us0:
0x0194	0x2E0D      	DECFSZ      R13, 1, 0
0x0196	0xD7FE      	BRA         L_Delay_10us0
0x0198	0x0000      	NOP
;__Lib_Delays.c,13 :: 		}
L_end_Delay_10us:
0x019A	0x0012      	RETURN      0
; end of _Delay_10us
_Keypad_Key_Press:
;__Lib_Keypad4x4.c,38 :: 		
;__Lib_Keypad4x4.c,42 :: 		
0x019C	0x6A45      	CLRF        Keypad_Key_Press_rslt_L0 
;__Lib_Keypad4x4.c,43 :: 		
0x019E	0x6A47      	CLRF        Keypad_Key_Press_loc_L0 
;__Lib_Keypad4x4.c,44 :: 		
0x01A0	0x6A48      	CLRF        Keypad_Key_Press_rowcnt_L0 
;__Lib_Keypad4x4.c,45 :: 		
0x01A2	0x0E10      	MOVLW       16
0x01A4	0x6E49      	MOVWF       Keypad_Key_Press_shifter_L0 
;__Lib_Keypad4x4.c,47 :: 		
L_Keypad_Key_Press0:
0x01A6	0x0E04      	MOVLW       4
0x01A8	0x5C48      	SUBWF       Keypad_Key_Press_rowcnt_L0, 0 
0x01AA	0xE21D      	BC          L_Keypad_Key_Press1
;__Lib_Keypad4x4.c,49 :: 		
0x01AC	0x0EF0      	MOVLW       240
0x01AE	0x6E82      	MOVWF       keypadPort 
;__Lib_Keypad4x4.c,50 :: 		
0x01B0	0x1C49      	COMF        Keypad_Key_Press_shifter_L0, 0 
0x01B2	0x6E94      	MOVWF       keypadPort+18 
;__Lib_Keypad4x4.c,54 :: 		
0x01B4	0xDF43      	RCALL       _Delay_1us
;__Lib_Keypad4x4.c,55 :: 		
0x01B6	0xDF42      	RCALL       _Delay_1us
;__Lib_Keypad4x4.c,56 :: 		
0x01B8	0x0E0F      	MOVLW       15
0x01BA	0x1482      	ANDWF       keypadPort, 0 
0x01BC	0x6E00      	MOVWF       R0 
0x01BE	0xF046C000  	MOVFF       R0, Keypad_Key_Press_kdata_L0
;__Lib_Keypad4x4.c,57 :: 		
0x01C2	0x5200      	MOVF        R0, 1 
0x01C4	0xE00A      	BZ          L_Keypad_Key_Press2
;__Lib_Keypad4x4.c,59 :: 		
0x01C6	0xF045C047  	MOVFF       Keypad_Key_Press_loc_L0, Keypad_Key_Press_rslt_L0
;__Lib_Keypad4x4.c,60 :: 		
L_Keypad_Key_Press3:
0x01CA	0x5246      	MOVF        Keypad_Key_Press_kdata_L0, 1 
0x01CC	0xE004      	BZ          L_Keypad_Key_Press4
;__Lib_Keypad4x4.c,61 :: 		
0x01CE	0x3246      	RRCF        Keypad_Key_Press_kdata_L0, 1 
0x01D0	0x9E46      	BCF         Keypad_Key_Press_kdata_L0, 7 
;__Lib_Keypad4x4.c,62 :: 		
0x01D2	0x2A45      	INCF        Keypad_Key_Press_rslt_L0, 1 
;__Lib_Keypad4x4.c,63 :: 		
0x01D4	0xD7FA      	BRA         L_Keypad_Key_Press3
L_Keypad_Key_Press4:
;__Lib_Keypad4x4.c,65 :: 		
0x01D6	0x0E04      	MOVLW       4
0x01D8	0x6E48      	MOVWF       Keypad_Key_Press_rowcnt_L0 
;__Lib_Keypad4x4.c,66 :: 		
L_Keypad_Key_Press2:
;__Lib_Keypad4x4.c,67 :: 		
0x01DA	0x3649      	RLCF        Keypad_Key_Press_shifter_L0, 1 
0x01DC	0x9049      	BCF         Keypad_Key_Press_shifter_L0, 0 
;__Lib_Keypad4x4.c,68 :: 		
0x01DE	0x0E04      	MOVLW       4
0x01E0	0x2647      	ADDWF       Keypad_Key_Press_loc_L0, 1 
;__Lib_Keypad4x4.c,69 :: 		
0x01E2	0x2A48      	INCF        Keypad_Key_Press_rowcnt_L0, 1 
;__Lib_Keypad4x4.c,70 :: 		
0x01E4	0xD7E0      	BRA         L_Keypad_Key_Press0
L_Keypad_Key_Press1:
;__Lib_Keypad4x4.c,72 :: 		
0x01E6	0xF000C045  	MOVFF       Keypad_Key_Press_rslt_L0, R0
;__Lib_Keypad4x4.c,73 :: 		
L_end_Keypad_Key_Press:
0x01EA	0x0012      	RETURN      0
; end of _Keypad_Key_Press
_Intro:
;sirexlib.h,1 :: 		void Intro() {                  // Function used for text moving
;sirexlib.h,3 :: 		char txtI1[] = "SIREX - SISTEMAS";
0x01EC	0x0E50      	MOVLW       ?ICSIntro_txtI1_L0
0x01EE	0x6EF6      	MOVWF       4086 
0x01F0	0x0E05      	MOVLW       hi_addr(?ICSIntro_txtI1_L0)
0x01F2	0x6EF7      	MOVWF       TBLPTRH 
0x01F4	0x0E00      	MOVLW       higher_addr(?ICSIntro_txtI1_L0)
0x01F6	0x6EF8      	MOVWF       TBLPTRU 
0x01F8	0x0E23      	MOVLW       Intro_txtI1_L0
0x01FA	0x6EE1      	MOVWF       FSR1L 
0x01FC	0x0E00      	MOVLW       hi_addr(Intro_txtI1_L0)
0x01FE	0x6EE2      	MOVWF       FSR1H 
0x0200	0x0E22      	MOVLW       34
0x0202	0x6E00      	MOVWF       R0 
0x0204	0x0E01      	MOVLW       1
0x0206	0x6E01      	MOVWF       R1 
0x0208	0xDF63      	RCALL       ___CC2DW
;sirexlib.h,6 :: 		Lcd_Cmd(_LCD_CLEAR);               // Clear display
0x020A	0x0E01      	MOVLW       1
0x020C	0x6E4B      	MOVWF       FARG_Lcd_Cmd_out_char 
0x020E	0xDF1C      	RCALL       _Lcd_Cmd
;sirexlib.h,7 :: 		Lcd_Cmd(_LCD_CURSOR_OFF);          // Cursor off
0x0210	0x0E0C      	MOVLW       12
0x0212	0x6E4B      	MOVWF       FARG_Lcd_Cmd_out_char 
0x0214	0xDF19      	RCALL       _Lcd_Cmd
;sirexlib.h,9 :: 		Lcd_Out(1,1,txtI1);                 // Write text in first row
0x0216	0x0E01      	MOVLW       1
0x0218	0x6E45      	MOVWF       FARG_Lcd_Out_row 
0x021A	0x0E01      	MOVLW       1
0x021C	0x6E46      	MOVWF       FARG_Lcd_Out_column 
0x021E	0x0E23      	MOVLW       Intro_txtI1_L0
0x0220	0x6E47      	MOVWF       FARG_Lcd_Out_text 
0x0222	0x0E00      	MOVLW       hi_addr(Intro_txtI1_L0)
0x0224	0x6E48      	MOVWF       FARG_Lcd_Out_text+1 
0x0226	0xDF77      	RCALL       _Lcd_Out
;sirexlib.h,10 :: 		Lcd_Out(2,1,txtI2);                 // Write text in first row
0x0228	0x0E02      	MOVLW       2
0x022A	0x6E45      	MOVWF       FARG_Lcd_Out_row 
0x022C	0x0E01      	MOVLW       1
0x022E	0x6E46      	MOVWF       FARG_Lcd_Out_column 
0x0230	0x0E34      	MOVLW       Intro_txtI2_L0
0x0232	0x6E47      	MOVWF       FARG_Lcd_Out_text 
0x0234	0x0E00      	MOVLW       hi_addr(Intro_txtI2_L0)
0x0236	0x6E48      	MOVWF       FARG_Lcd_Out_text+1 
0x0238	0xDF6E      	RCALL       _Lcd_Out
;sirexlib.h,12 :: 		Delay_ms(1300);
0x023A	0x0E21      	MOVLW       33
0x023C	0x6E0B      	MOVWF       R11, 0
0x023E	0x0EFA      	MOVLW       250
0x0240	0x6E0C      	MOVWF       R12, 0
0x0242	0x0E77      	MOVLW       119
0x0244	0x6E0D      	MOVWF       R13, 0
L_Intro0:
0x0246	0x2E0D      	DECFSZ      R13, 1, 0
0x0248	0xD7FE      	BRA         L_Intro0
0x024A	0x2E0C      	DECFSZ      R12, 1, 0
0x024C	0xD7FC      	BRA         L_Intro0
0x024E	0x2E0B      	DECFSZ      R11, 1, 0
0x0250	0xD7FA      	BRA         L_Intro0
;sirexlib.h,13 :: 		}
L_end_Intro:
0x0252	0x0012      	RETURN      0
; end of _Intro
_Lcd_Init:
;__Lib_Lcd.c,84 :: 		
;__Lib_Lcd.c,86 :: 		
0x0254	0x9296      	BCF         LCD_EN_Direction, BitPos(LCD_EN_Direction+0) 
;__Lib_Lcd.c,87 :: 		
0x0256	0x9096      	BCF         LCD_RS_Direction, BitPos(LCD_RS_Direction+0) 
;__Lib_Lcd.c,88 :: 		
0x0258	0x9895      	BCF         LCD_D4_Direction, BitPos(LCD_D4_Direction+0) 
;__Lib_Lcd.c,89 :: 		
0x025A	0x9A95      	BCF         LCD_D5_Direction, BitPos(LCD_D5_Direction+0) 
;__Lib_Lcd.c,90 :: 		
0x025C	0x9C95      	BCF         LCD_D6_Direction, BitPos(LCD_D6_Direction+0) 
;__Lib_Lcd.c,91 :: 		
0x025E	0x9E95      	BCF         LCD_D7_Direction, BitPos(LCD_D7_Direction+0) 
;__Lib_Lcd.c,93 :: 		
0x0260	0x928D      	BCF         LCD_EN, BitPos(LCD_EN+0) 
;__Lib_Lcd.c,94 :: 		
0x0262	0x908D      	BCF         LCD_RS, BitPos(LCD_RS+0) 
;__Lib_Lcd.c,95 :: 		
0x0264	0x9E8C      	BCF         LCD_D7, BitPos(LCD_D7+0) 
;__Lib_Lcd.c,96 :: 		
0x0266	0x9C8C      	BCF         LCD_D6, BitPos(LCD_D6+0) 
;__Lib_Lcd.c,97 :: 		
0x0268	0x9A8C      	BCF         LCD_D5, BitPos(LCD_D5+0) 
;__Lib_Lcd.c,98 :: 		
0x026A	0x988C      	BCF         LCD_D4, BitPos(LCD_D4+0) 
;__Lib_Lcd.c,100 :: 		
0x026C	0xDEDC      	RCALL       _Delay_5500us
;__Lib_Lcd.c,101 :: 		
0x026E	0xDEDB      	RCALL       _Delay_5500us
;__Lib_Lcd.c,102 :: 		
0x0270	0xDEDA      	RCALL       _Delay_5500us
;__Lib_Lcd.c,105 :: 		
0x0272	0x8A8C      	BSF         LCD_D5, BitPos(LCD_D5+0) 
;__Lib_Lcd.c,106 :: 		
0x0274	0x888C      	BSF         LCD_D4, BitPos(LCD_D4+0) 
;__Lib_Lcd.c,107 :: 		
0x0276	0x828D      	BSF         LCD_EN, BitPos(LCD_EN+0) 
;__Lib_Lcd.c,108 :: 		
0x0278	0xDEE1      	RCALL       _Delay_1us
;__Lib_Lcd.c,109 :: 		
0x027A	0x928D      	BCF         LCD_EN, BitPos(LCD_EN+0) 
;__Lib_Lcd.c,110 :: 		
0x027C	0xDED4      	RCALL       _Delay_5500us
;__Lib_Lcd.c,112 :: 		
0x027E	0x828D      	BSF         LCD_EN, BitPos(LCD_EN+0) 
;__Lib_Lcd.c,113 :: 		
0x0280	0xDEDD      	RCALL       _Delay_1us
;__Lib_Lcd.c,114 :: 		
0x0282	0x928D      	BCF         LCD_EN, BitPos(LCD_EN+0) 
;__Lib_Lcd.c,115 :: 		
0x0284	0xDED0      	RCALL       _Delay_5500us
;__Lib_Lcd.c,117 :: 		
0x0286	0x828D      	BSF         LCD_EN, BitPos(LCD_EN+0) 
;__Lib_Lcd.c,118 :: 		
0x0288	0xDED9      	RCALL       _Delay_1us
;__Lib_Lcd.c,119 :: 		
0x028A	0x928D      	BCF         LCD_EN, BitPos(LCD_EN+0) 
;__Lib_Lcd.c,120 :: 		
0x028C	0xDECC      	RCALL       _Delay_5500us
;__Lib_Lcd.c,123 :: 		
0x028E	0x988C      	BCF         LCD_D4, BitPos(LCD_D4+0) 
;__Lib_Lcd.c,124 :: 		
0x0290	0x828D      	BSF         LCD_EN, BitPos(LCD_EN+0) 
;__Lib_Lcd.c,125 :: 		
0x0292	0xDED4      	RCALL       _Delay_1us
;__Lib_Lcd.c,126 :: 		
0x0294	0x928D      	BCF         LCD_EN, BitPos(LCD_EN+0) 
;__Lib_Lcd.c,127 :: 		
0x0296	0xDEC7      	RCALL       _Delay_5500us
;__Lib_Lcd.c,130 :: 		
0x0298	0x828D      	BSF         LCD_EN, BitPos(LCD_EN+0) 
;__Lib_Lcd.c,131 :: 		
0x029A	0xDED0      	RCALL       _Delay_1us
;__Lib_Lcd.c,132 :: 		
0x029C	0x928D      	BCF         LCD_EN, BitPos(LCD_EN+0) 
;__Lib_Lcd.c,134 :: 		
0x029E	0x9A8C      	BCF         LCD_D5, BitPos(LCD_D5+0) 
;__Lib_Lcd.c,135 :: 		
0x02A0	0x8E8C      	BSF         LCD_D7, BitPos(LCD_D7+0) 
;__Lib_Lcd.c,136 :: 		
0x02A2	0x828D      	BSF         LCD_EN, BitPos(LCD_EN+0) 
;__Lib_Lcd.c,137 :: 		
0x02A4	0xDECB      	RCALL       _Delay_1us
;__Lib_Lcd.c,138 :: 		
0x02A6	0x928D      	BCF         LCD_EN, BitPos(LCD_EN+0) 
;__Lib_Lcd.c,139 :: 		
0x02A8	0xDEBE      	RCALL       _Delay_5500us
;__Lib_Lcd.c,142 :: 		
0x02AA	0x9E8C      	BCF         LCD_D7, BitPos(LCD_D7+0) 
;__Lib_Lcd.c,143 :: 		
0x02AC	0x888C      	BSF         LCD_D4, BitPos(LCD_D4+0) 
;__Lib_Lcd.c,144 :: 		
0x02AE	0x828D      	BSF         LCD_EN, BitPos(LCD_EN+0) 
;__Lib_Lcd.c,145 :: 		
0x02B0	0xDEC5      	RCALL       _Delay_1us
;__Lib_Lcd.c,146 :: 		
0x02B2	0x928D      	BCF         LCD_EN, BitPos(LCD_EN+0) 
;__Lib_Lcd.c,148 :: 		
0x02B4	0x988C      	BCF         LCD_D4, BitPos(LCD_D4+0) 
;__Lib_Lcd.c,149 :: 		
0x02B6	0x828D      	BSF         LCD_EN, BitPos(LCD_EN+0) 
;__Lib_Lcd.c,150 :: 		
0x02B8	0xDEC1      	RCALL       _Delay_1us
;__Lib_Lcd.c,151 :: 		
0x02BA	0x928D      	BCF         LCD_EN, BitPos(LCD_EN+0) 
;__Lib_Lcd.c,152 :: 		
0x02BC	0xDEB4      	RCALL       _Delay_5500us
;__Lib_Lcd.c,155 :: 		
0x02BE	0x828D      	BSF         LCD_EN, BitPos(LCD_EN+0) 
;__Lib_Lcd.c,156 :: 		
0x02C0	0xDEBD      	RCALL       _Delay_1us
;__Lib_Lcd.c,157 :: 		
0x02C2	0x928D      	BCF         LCD_EN, BitPos(LCD_EN+0) 
;__Lib_Lcd.c,159 :: 		
0x02C4	0x888C      	BSF         LCD_D4, BitPos(LCD_D4+0) 
;__Lib_Lcd.c,160 :: 		
0x02C6	0x828D      	BSF         LCD_EN, BitPos(LCD_EN+0) 
;__Lib_Lcd.c,161 :: 		
0x02C8	0xDEB9      	RCALL       _Delay_1us
;__Lib_Lcd.c,162 :: 		
0x02CA	0x928D      	BCF         LCD_EN, BitPos(LCD_EN+0) 
;__Lib_Lcd.c,163 :: 		
0x02CC	0xDEAC      	RCALL       _Delay_5500us
;__Lib_Lcd.c,166 :: 		
0x02CE	0x988C      	BCF         LCD_D4, BitPos(LCD_D4+0) 
;__Lib_Lcd.c,167 :: 		
0x02D0	0x828D      	BSF         LCD_EN, BitPos(LCD_EN+0) 
;__Lib_Lcd.c,168 :: 		
0x02D2	0xDEB4      	RCALL       _Delay_1us
;__Lib_Lcd.c,169 :: 		
0x02D4	0x928D      	BCF         LCD_EN, BitPos(LCD_EN+0) 
;__Lib_Lcd.c,171 :: 		
0x02D6	0x8E8C      	BSF         LCD_D7, BitPos(LCD_D7+0) 
;__Lib_Lcd.c,172 :: 		
0x02D8	0x8C8C      	BSF         LCD_D6, BitPos(LCD_D6+0) 
;__Lib_Lcd.c,173 :: 		
0x02DA	0x8A8C      	BSF         LCD_D5, BitPos(LCD_D5+0) 
;__Lib_Lcd.c,174 :: 		
0x02DC	0x888C      	BSF         LCD_D4, BitPos(LCD_D4+0) 
;__Lib_Lcd.c,175 :: 		
0x02DE	0x828D      	BSF         LCD_EN, BitPos(LCD_EN+0) 
;__Lib_Lcd.c,176 :: 		
0x02E0	0xDEAD      	RCALL       _Delay_1us
;__Lib_Lcd.c,177 :: 		
0x02E2	0x928D      	BCF         LCD_EN, BitPos(LCD_EN+0) 
;__Lib_Lcd.c,179 :: 		
0x02E4	0xDEA0      	RCALL       _Delay_5500us
;__Lib_Lcd.c,181 :: 		
0x02E6	0x801C      	BSF         __Lib_Lcd_cmd_status, BitPos(__Lib_Lcd_cmd_status+0) 
;__Lib_Lcd.c,182 :: 		
L_end_Lcd_Init:
0x02E8	0x0012      	RETURN      0
; end of _Lcd_Init
_Keypad_Init:
;__Lib_Keypad4x4.c,33 :: 		
;__Lib_Keypad4x4.c,34 :: 		
0x02EA	0x0EFF      	MOVLW       255
0x02EC	0x6E94      	MOVWF       keypadPort+18 
;__Lib_Keypad4x4.c,35 :: 		
L_end_Keypad_Init:
0x02EE	0x0012      	RETURN      0
; end of _Keypad_Init
_WordToStr:
;__Lib_Conversions.c,84 :: 		
;__Lib_Conversions.c,89 :: 		
0x02F0	0x6A27      	CLRF        WordToStr_len_L0 
L_WordToStr6:
0x02F2	0x0E05      	MOVLW       5
0x02F4	0x5C27      	SUBWF       WordToStr_len_L0, 0 
0x02F6	0xE20A      	BC          L_WordToStr7
;__Lib_Conversions.c,90 :: 		
0x02F8	0x5027      	MOVF        WordToStr_len_L0, 0 
0x02FA	0x2425      	ADDWF       FARG_WordToStr_output, 0 
0x02FC	0x6EE1      	MOVWF       FSR1L 
0x02FE	0x0E00      	MOVLW       0
0x0300	0x2026      	ADDWFC      FARG_WordToStr_output+1, 0 
0x0302	0x6EE2      	MOVWF       FSR1H 
0x0304	0x0E20      	MOVLW       32
0x0306	0x6EE6      	MOVWF       POSTINC1 
;__Lib_Conversions.c,89 :: 		
0x0308	0x2A27      	INCF        WordToStr_len_L0, 1 
;__Lib_Conversions.c,90 :: 		
0x030A	0xD7F3      	BRA         L_WordToStr6
L_WordToStr7:
;__Lib_Conversions.c,91 :: 		
0x030C	0x5027      	MOVF        WordToStr_len_L0, 0 
0x030E	0x2425      	ADDWF       FARG_WordToStr_output, 0 
0x0310	0x6EE1      	MOVWF       FSR1L 
0x0312	0x0E00      	MOVLW       0
0x0314	0x2026      	ADDWFC      FARG_WordToStr_output+1, 0 
0x0316	0x6EE2      	MOVWF       FSR1H 
0x0318	0x6AE6      	CLRF        POSTINC1 
0x031A	0x0627      	DECF        WordToStr_len_L0, 1 
;__Lib_Conversions.c,93 :: 		
L_WordToStr9:
;__Lib_Conversions.c,94 :: 		
0x031C	0x5027      	MOVF        WordToStr_len_L0, 0 
0x031E	0x2425      	ADDWF       FARG_WordToStr_output, 0 
0x0320	0x6E28      	MOVWF       FLOC__WordToStr 
0x0322	0x0E00      	MOVLW       0
0x0324	0x2026      	ADDWFC      FARG_WordToStr_output+1, 0 
0x0326	0x6E29      	MOVWF       FLOC__WordToStr+1 
0x0328	0x0E0A      	MOVLW       10
0x032A	0x6E04      	MOVWF       R4 
0x032C	0x0E00      	MOVLW       0
0x032E	0x6E05      	MOVWF       R5 
0x0330	0xF000C023  	MOVFF       FARG_WordToStr_input, R0
0x0334	0xF001C024  	MOVFF       FARG_WordToStr_input+1, R1
0x0338	0xDED3      	RCALL       _Div_16x16_U
0x033A	0xF000C008  	MOVFF       R8, R0
0x033E	0xF001C009  	MOVFF       R9, R1
0x0342	0x0E30      	MOVLW       48
0x0344	0x2600      	ADDWF       R0, 1 
0x0346	0xFFE1C028  	MOVFF       FLOC__WordToStr, FSR1L
0x034A	0xFFE2C029  	MOVFF       FLOC__WordToStr+1, FSR1H
0x034E	0xFFE6C000  	MOVFF       R0, POSTINC1
;__Lib_Conversions.c,95 :: 		
0x0352	0x0E0A      	MOVLW       10
0x0354	0x6E04      	MOVWF       R4 
0x0356	0x0E00      	MOVLW       0
0x0358	0x6E05      	MOVWF       R5 
0x035A	0xF000C023  	MOVFF       FARG_WordToStr_input, R0
0x035E	0xF001C024  	MOVFF       FARG_WordToStr_input+1, R1
0x0362	0xDEBE      	RCALL       _Div_16x16_U
0x0364	0xF023C000  	MOVFF       R0, FARG_WordToStr_input
0x0368	0xF024C001  	MOVFF       R1, FARG_WordToStr_input+1
;__Lib_Conversions.c,96 :: 		
0x036C	0x0E00      	MOVLW       0
0x036E	0x1801      	XORWF       R1, 0 
0x0370	0xE102      	BNZ         L__WordToStr109
0x0372	0x0E00      	MOVLW       0
0x0374	0x1800      	XORWF       R0, 0 
L__WordToStr109:
0x0376	0xE101      	BNZ         L_WordToStr11
;__Lib_Conversions.c,97 :: 		
0x0378	0xD002      	BRA         L_WordToStr10
L_WordToStr11:
;__Lib_Conversions.c,98 :: 		
0x037A	0x0627      	DECF        WordToStr_len_L0, 1 
;__Lib_Conversions.c,99 :: 		
0x037C	0xD7CF      	BRA         L_WordToStr9
L_WordToStr10:
;__Lib_Conversions.c,100 :: 		
L_end_WordToStr:
0x037E	0x0012      	RETURN      0
; end of _WordToStr
_Lcd_Chr:
;__Lib_Lcd.c,65 :: 		
;__Lib_Lcd.c,66 :: 		
0x0380	0xD00F      	BRA         L_Lcd_Chr4
;__Lib_Lcd.c,67 :: 		
L_Lcd_Chr6:
0x0382	0x0E80      	MOVLW       128
0x0384	0x6E23      	MOVWF       FARG_Lcd_Chr_row 
0x0386	0xD019      	BRA         L_Lcd_Chr5
;__Lib_Lcd.c,68 :: 		
L_Lcd_Chr7:
0x0388	0x0EC0      	MOVLW       192
0x038A	0x6E23      	MOVWF       FARG_Lcd_Chr_row 
0x038C	0xD016      	BRA         L_Lcd_Chr5
;__Lib_Lcd.c,69 :: 		
L_Lcd_Chr8:
0x038E	0x0E94      	MOVLW       148
0x0390	0x6E23      	MOVWF       FARG_Lcd_Chr_row 
0x0392	0xD013      	BRA         L_Lcd_Chr5
;__Lib_Lcd.c,70 :: 		
L_Lcd_Chr9:
0x0394	0x0ED4      	MOVLW       212
0x0396	0x6E23      	MOVWF       FARG_Lcd_Chr_row 
0x0398	0xD010      	BRA         L_Lcd_Chr5
;__Lib_Lcd.c,71 :: 		
L_Lcd_Chr10:
0x039A	0x0E80      	MOVLW       128
0x039C	0x6E23      	MOVWF       FARG_Lcd_Chr_row 
;__Lib_Lcd.c,72 :: 		
0x039E	0xD00D      	BRA         L_Lcd_Chr5
L_Lcd_Chr4:
0x03A0	0x5023      	MOVF        FARG_Lcd_Chr_row, 0 
0x03A2	0x0A01      	XORLW       1
0x03A4	0xE0EE      	BZ          L_Lcd_Chr6
0x03A6	0x5023      	MOVF        FARG_Lcd_Chr_row, 0 
0x03A8	0x0A02      	XORLW       2
0x03AA	0xE0EE      	BZ          L_Lcd_Chr7
0x03AC	0x5023      	MOVF        FARG_Lcd_Chr_row, 0 
0x03AE	0x0A03      	XORLW       3
0x03B0	0xE0EE      	BZ          L_Lcd_Chr8
0x03B2	0x5023      	MOVF        FARG_Lcd_Chr_row, 0 
0x03B4	0x0A04      	XORLW       4
0x03B6	0xE0EE      	BZ          L_Lcd_Chr9
0x03B8	0xD7F0      	BRA         L_Lcd_Chr10
L_Lcd_Chr5:
;__Lib_Lcd.c,74 :: 		
0x03BA	0x0424      	DECF        FARG_Lcd_Chr_column, 0 
0x03BC	0x6E00      	MOVWF       R0 
0x03BE	0x5023      	MOVF        FARG_Lcd_Chr_row, 0 
0x03C0	0x2600      	ADDWF       R0, 1 
0x03C2	0xF023C000  	MOVFF       R0, FARG_Lcd_Chr_row
;__Lib_Lcd.c,76 :: 		
0x03C6	0x801C      	BSF         __Lib_Lcd_cmd_status, BitPos(__Lib_Lcd_cmd_status+0) 
;__Lib_Lcd.c,77 :: 		
0x03C8	0xF04BC000  	MOVFF       R0, FARG_Lcd_Cmd_out_char
0x03CC	0xDE3D      	RCALL       _Lcd_Cmd
;__Lib_Lcd.c,79 :: 		
0x03CE	0x901C      	BCF         __Lib_Lcd_cmd_status, BitPos(__Lib_Lcd_cmd_status+0) 
;__Lib_Lcd.c,80 :: 		
0x03D0	0xF04BC025  	MOVFF       FARG_Lcd_Chr_out_char, FARG_Lcd_Cmd_out_char
0x03D4	0xDE39      	RCALL       _Lcd_Cmd
;__Lib_Lcd.c,81 :: 		
0x03D6	0x801C      	BSF         __Lib_Lcd_cmd_status, BitPos(__Lib_Lcd_cmd_status+0) 
;__Lib_Lcd.c,82 :: 		
L_end_Lcd_Chr:
0x03D8	0x0012      	RETURN      0
; end of _Lcd_Chr
_Keypad_Key_Click:
;__Lib_Keypad4x4.c,76 :: 		
;__Lib_Keypad4x4.c,80 :: 		
0x03DA	0xDEE0      	RCALL       _Keypad_Key_Press
0x03DC	0xF023C000  	MOVFF       R0, Keypad_Key_Click_rslt_L0
;__Lib_Keypad4x4.c,82 :: 		
L_Keypad_Key_Click5:
0x03E0	0x0E0F      	MOVLW       15
0x03E2	0x1482      	ANDWF       keypadPort, 0 
0x03E4	0x6E00      	MOVWF       R0 
0x03E6	0xE002      	BZ          L_Keypad_Key_Click6
;__Lib_Keypad4x4.c,83 :: 		
0x03E8	0xDED3      	RCALL       _Delay_10us
0x03EA	0xD7FA      	BRA         L_Keypad_Key_Click5
L_Keypad_Key_Click6:
;__Lib_Keypad4x4.c,85 :: 		
0x03EC	0xF000C023  	MOVFF       Keypad_Key_Click_rslt_L0, R0
;__Lib_Keypad4x4.c,86 :: 		
L_end_Keypad_Key_Click:
0x03F0	0x0012      	RETURN      0
; end of _Keypad_Key_Click
_main:
0x03F2	0x0E20      	MOVLW       32
0x03F4	0x6E15      	MOVWF       ?lstr1_ContAcesso 
0x03F6	0x0E20      	MOVLW       32
0x03F8	0x6E16      	MOVWF       22 
0x03FA	0x0E20      	MOVLW       32
0x03FC	0x6E17      	MOVWF       23 
0x03FE	0x6A18      	CLRF        24 
0x0400	0x6A19      	CLRF        _oldstate 
;ContAcesso.c,27 :: 		void main() {
;ContAcesso.c,28 :: 		cnt = 0;                                 // Reset counter
0x0402	0x6A1B      	CLRF        _cnt 
;ContAcesso.c,29 :: 		Keypad_Init();                           // Initialize Keypad
0x0404	0xDF72      	RCALL       _Keypad_Init
;ContAcesso.c,30 :: 		ANSEL  = 0;                              // Configure AN pins as digital I/O
0x0406	0x6A7E      	CLRF        ANSEL 
;ContAcesso.c,31 :: 		ANSELH = 0;
0x0408	0x6A7F      	CLRF        ANSELH 
;ContAcesso.c,32 :: 		Lcd_Init();                              // Initialize LCD
0x040A	0xDF24      	RCALL       _Lcd_Init
;ContAcesso.c,33 :: 		Lcd_Cmd(_LCD_CLEAR);                     // Clear display
0x040C	0x0E01      	MOVLW       1
0x040E	0x6E4B      	MOVWF       FARG_Lcd_Cmd_out_char 
0x0410	0xDE1B      	RCALL       _Lcd_Cmd
;ContAcesso.c,34 :: 		Lcd_Cmd(_LCD_CURSOR_OFF);                // Cursor off
0x0412	0x0E0C      	MOVLW       12
0x0414	0x6E4B      	MOVWF       FARG_Lcd_Cmd_out_char 
0x0416	0xDE18      	RCALL       _Lcd_Cmd
;ContAcesso.c,37 :: 		Intro();
0x0418	0xDEE9      	RCALL       _Intro
;ContAcesso.c,38 :: 		Lcd_Cmd(_LCD_CLEAR);                     // Clear display
0x041A	0x0E01      	MOVLW       1
0x041C	0x6E4B      	MOVWF       FARG_Lcd_Cmd_out_char 
0x041E	0xDE14      	RCALL       _Lcd_Cmd
;ContAcesso.c,39 :: 		do {
L_main1:
;ContAcesso.c,40 :: 		kp = 0;                                // Reset key code variable
0x0420	0x6A1A      	CLRF        _kp 
;ContAcesso.c,43 :: 		do
L_main4:
;ContAcesso.c,45 :: 		kp = Keypad_Key_Click();             // Store key code in kp variable
0x0422	0xDFDB      	RCALL       _Keypad_Key_Click
0x0424	0xF01AC000  	MOVFF       R0, _kp
;ContAcesso.c,46 :: 		while (!kp);
0x0428	0x5200      	MOVF        R0, 1 
0x042A	0xE0FB      	BZ          L_main4
;ContAcesso.c,48 :: 		switch (kp) {
0x042C	0xD030      	BRA         L_main7
;ContAcesso.c,54 :: 		case  1: kp = 49; break; // 1        // Uncomment this block for keypad4x4
L_main9:
0x042E	0x0E31      	MOVLW       49
0x0430	0x6E1A      	MOVWF       _kp 
0x0432	0xD05D      	BRA         L_main8
;ContAcesso.c,55 :: 		case  2: kp = 50; break; // 2
L_main10:
0x0434	0x0E32      	MOVLW       50
0x0436	0x6E1A      	MOVWF       _kp 
0x0438	0xD05A      	BRA         L_main8
;ContAcesso.c,56 :: 		case  3: kp = 51; break; // 3
L_main11:
0x043A	0x0E33      	MOVLW       51
0x043C	0x6E1A      	MOVWF       _kp 
0x043E	0xD057      	BRA         L_main8
;ContAcesso.c,57 :: 		case  4: kp = 65; break; // A
L_main12:
0x0440	0x0E41      	MOVLW       65
0x0442	0x6E1A      	MOVWF       _kp 
0x0444	0xD054      	BRA         L_main8
;ContAcesso.c,58 :: 		case  5: kp = 52; break; // 4
L_main13:
0x0446	0x0E34      	MOVLW       52
0x0448	0x6E1A      	MOVWF       _kp 
0x044A	0xD051      	BRA         L_main8
;ContAcesso.c,59 :: 		case  6: kp = 53; break; // 5
L_main14:
0x044C	0x0E35      	MOVLW       53
0x044E	0x6E1A      	MOVWF       _kp 
0x0450	0xD04E      	BRA         L_main8
;ContAcesso.c,60 :: 		case  7: kp = 54; break; // 6
L_main15:
0x0452	0x0E36      	MOVLW       54
0x0454	0x6E1A      	MOVWF       _kp 
0x0456	0xD04B      	BRA         L_main8
;ContAcesso.c,61 :: 		case  8: kp = 66; break; // B
L_main16:
0x0458	0x0E42      	MOVLW       66
0x045A	0x6E1A      	MOVWF       _kp 
0x045C	0xD048      	BRA         L_main8
;ContAcesso.c,62 :: 		case  9: kp = 55; break; // 7
L_main17:
0x045E	0x0E37      	MOVLW       55
0x0460	0x6E1A      	MOVWF       _kp 
0x0462	0xD045      	BRA         L_main8
;ContAcesso.c,63 :: 		case 10: kp = 56; break; // 8
L_main18:
0x0464	0x0E38      	MOVLW       56
0x0466	0x6E1A      	MOVWF       _kp 
0x0468	0xD042      	BRA         L_main8
;ContAcesso.c,64 :: 		case 11: kp = 57; break; // 9
L_main19:
0x046A	0x0E39      	MOVLW       57
0x046C	0x6E1A      	MOVWF       _kp 
0x046E	0xD03F      	BRA         L_main8
;ContAcesso.c,65 :: 		case 12: kp = 67; break; // C
L_main20:
0x0470	0x0E43      	MOVLW       67
0x0472	0x6E1A      	MOVWF       _kp 
0x0474	0xD03C      	BRA         L_main8
;ContAcesso.c,66 :: 		case 13: kp = 42; break; // *
L_main21:
0x0476	0x0E2A      	MOVLW       42
0x0478	0x6E1A      	MOVWF       _kp 
0x047A	0xD039      	BRA         L_main8
;ContAcesso.c,67 :: 		case 14: kp = 48; break; // 0
L_main22:
0x047C	0x0E30      	MOVLW       48
0x047E	0x6E1A      	MOVWF       _kp 
0x0480	0xD036      	BRA         L_main8
;ContAcesso.c,68 :: 		case 15: kp = 35; break; // #
L_main23:
0x0482	0x0E23      	MOVLW       35
0x0484	0x6E1A      	MOVWF       _kp 
0x0486	0xD033      	BRA         L_main8
;ContAcesso.c,69 :: 		case 16: kp = 68; break; // D
L_main24:
0x0488	0x0E44      	MOVLW       68
0x048A	0x6E1A      	MOVWF       _kp 
0x048C	0xD030      	BRA         L_main8
;ContAcesso.c,71 :: 		}
L_main7:
0x048E	0x501A      	MOVF        _kp, 0 
0x0490	0x0A01      	XORLW       1
0x0492	0xE0CD      	BZ          L_main9
0x0494	0x501A      	MOVF        _kp, 0 
0x0496	0x0A02      	XORLW       2
0x0498	0xE0CD      	BZ          L_main10
0x049A	0x501A      	MOVF        _kp, 0 
0x049C	0x0A03      	XORLW       3
0x049E	0xE0CD      	BZ          L_main11
0x04A0	0x501A      	MOVF        _kp, 0 
0x04A2	0x0A04      	XORLW       4
0x04A4	0xE0CD      	BZ          L_main12
0x04A6	0x501A      	MOVF        _kp, 0 
0x04A8	0x0A05      	XORLW       5
0x04AA	0xE0CD      	BZ          L_main13
0x04AC	0x501A      	MOVF        _kp, 0 
0x04AE	0x0A06      	XORLW       6
0x04B0	0xE0CD      	BZ          L_main14
0x04B2	0x501A      	MOVF        _kp, 0 
0x04B4	0x0A07      	XORLW       7
0x04B6	0xE0CD      	BZ          L_main15
0x04B8	0x501A      	MOVF        _kp, 0 
0x04BA	0x0A08      	XORLW       8
0x04BC	0xE0CD      	BZ          L_main16
0x04BE	0x501A      	MOVF        _kp, 0 
0x04C0	0x0A09      	XORLW       9
0x04C2	0xE0CD      	BZ          L_main17
0x04C4	0x501A      	MOVF        _kp, 0 
0x04C6	0x0A0A      	XORLW       10
0x04C8	0xE0CD      	BZ          L_main18
0x04CA	0x501A      	MOVF        _kp, 0 
0x04CC	0x0A0B      	XORLW       11
0x04CE	0xE0CD      	BZ          L_main19
0x04D0	0x501A      	MOVF        _kp, 0 
0x04D2	0x0A0C      	XORLW       12
0x04D4	0xE0CD      	BZ          L_main20
0x04D6	0x501A      	MOVF        _kp, 0 
0x04D8	0x0A0D      	XORLW       13
0x04DA	0xE0CD      	BZ          L_main21
0x04DC	0x501A      	MOVF        _kp, 0 
0x04DE	0x0A0E      	XORLW       14
0x04E0	0xE0CD      	BZ          L_main22
0x04E2	0x501A      	MOVF        _kp, 0 
0x04E4	0x0A0F      	XORLW       15
0x04E6	0xE0CD      	BZ          L_main23
0x04E8	0x501A      	MOVF        _kp, 0 
0x04EA	0x0A10      	XORLW       16
0x04EC	0xE0CD      	BZ          L_main24
L_main8:
;ContAcesso.c,73 :: 		if (kp != oldstate) {                  // Pressed key differs from previous
0x04EE	0x501A      	MOVF        _kp, 0 
0x04F0	0x1819      	XORWF       _oldstate, 0 
0x04F2	0xE005      	BZ          L_main25
;ContAcesso.c,74 :: 		cnt = 1;
0x04F4	0x0E01      	MOVLW       1
0x04F6	0x6E1B      	MOVWF       _cnt 
;ContAcesso.c,75 :: 		oldstate = kp;
0x04F8	0xF019C01A  	MOVFF       _kp, _oldstate
;ContAcesso.c,76 :: 		}
0x04FC	0xD001      	BRA         L_main26
L_main25:
;ContAcesso.c,78 :: 		cnt++;
0x04FE	0x2A1B      	INCF        _cnt, 1 
;ContAcesso.c,79 :: 		}
L_main26:
;ContAcesso.c,81 :: 		Lcd_Chr(1, 10, kp);                    // Print key ASCII value on LCD
0x0500	0x0E01      	MOVLW       1
0x0502	0x6E23      	MOVWF       FARG_Lcd_Chr_row 
0x0504	0x0E0A      	MOVLW       10
0x0506	0x6E24      	MOVWF       FARG_Lcd_Chr_column 
0x0508	0xF025C01A  	MOVFF       _kp, FARG_Lcd_Chr_out_char
0x050C	0xDF39      	RCALL       _Lcd_Chr
;ContAcesso.c,83 :: 		if (cnt == 255) {                      // If counter varialble overflow
0x050E	0x501B      	MOVF        _cnt, 0 
0x0510	0x0AFF      	XORLW       255
0x0512	0xE10A      	BNZ         L_main27
;ContAcesso.c,84 :: 		cnt = 0;
0x0514	0x6A1B      	CLRF        _cnt 
;ContAcesso.c,85 :: 		Lcd_Out(2, 10, "   ");
0x0516	0x0E02      	MOVLW       2
0x0518	0x6E45      	MOVWF       FARG_Lcd_Out_row 
0x051A	0x0E0A      	MOVLW       10
0x051C	0x6E46      	MOVWF       FARG_Lcd_Out_column 
0x051E	0x0E15      	MOVLW       ?lstr1_ContAcesso
0x0520	0x6E47      	MOVWF       FARG_Lcd_Out_text 
0x0522	0x0E00      	MOVLW       hi_addr(?lstr1_ContAcesso)
0x0524	0x6E48      	MOVWF       FARG_Lcd_Out_text+1 
0x0526	0xDDF7      	RCALL       _Lcd_Out
;ContAcesso.c,86 :: 		}
L_main27:
;ContAcesso.c,88 :: 		WordToStr(cnt, txt);                   // Transform counter value to string
0x0528	0xF023C01B  	MOVFF       _cnt, FARG_WordToStr_input
0x052C	0x0E00      	MOVLW       0
0x052E	0x6E24      	MOVWF       FARG_WordToStr_input+1 
0x0530	0x0E1D      	MOVLW       _txt
0x0532	0x6E25      	MOVWF       FARG_WordToStr_output 
0x0534	0x0E00      	MOVLW       hi_addr(_txt)
0x0536	0x6E26      	MOVWF       FARG_WordToStr_output+1 
0x0538	0xDEDB      	RCALL       _WordToStr
;ContAcesso.c,89 :: 		Lcd_Out(2, 10, txt);                   // Display counter value on LCD
0x053A	0x0E02      	MOVLW       2
0x053C	0x6E45      	MOVWF       FARG_Lcd_Out_row 
0x053E	0x0E0A      	MOVLW       10
0x0540	0x6E46      	MOVWF       FARG_Lcd_Out_column 
0x0542	0x0E1D      	MOVLW       _txt
0x0544	0x6E47      	MOVWF       FARG_Lcd_Out_text 
0x0546	0x0E00      	MOVLW       hi_addr(_txt)
0x0548	0x6E48      	MOVWF       FARG_Lcd_Out_text+1 
0x054A	0xDDE5      	RCALL       _Lcd_Out
;ContAcesso.c,90 :: 		} while (1);
0x054C	0xD769      	BRA         L_main1
;ContAcesso.c,91 :: 		}
L_end_main:
0x054E	0xD7FF      	BRA         $+0
; end of _main
;ContAcesso.c,0 :: ?ICSIntro_txtI1_L0
0x0550	0x4953 ;?ICSIntro_txtI1_L0+0
0x0552	0x4552 ;?ICSIntro_txtI1_L0+2
0x0554	0x2058 ;?ICSIntro_txtI1_L0+4
0x0556	0x202D ;?ICSIntro_txtI1_L0+6
0x0558	0x4953 ;?ICSIntro_txtI1_L0+8
0x055A	0x5453 ;?ICSIntro_txtI1_L0+10
0x055C	0x4D45 ;?ICSIntro_txtI1_L0+12
0x055E	0x5341 ;?ICSIntro_txtI1_L0+14
0x0560	0x00 ;?ICSIntro_txtI1_L0+16
; end of ?ICSIntro_txtI1_L0
;ContAcesso.c,0 :: ?ICSIntro_txtI2_L0
0x0561	0x2A20 ;?ICSIntro_txtI2_L0+0
0x0563	0x4520 ;?ICSIntro_txtI2_L0+2
0x0565	0x424D ;?ICSIntro_txtI2_L0+4
0x0567	0x5241 ;?ICSIntro_txtI2_L0+6
0x0569	0x4143 ;?ICSIntro_txtI2_L0+8
0x056B	0x3044 ;?ICSIntro_txtI2_L0+10
0x056D	0x2053 ;?ICSIntro_txtI2_L0+12
0x056F	0x202A ;?ICSIntro_txtI2_L0+14
0x0571	0x00 ;?ICSIntro_txtI2_L0+16
; end of ?ICSIntro_txtI2_L0
Symbol List:
//** Routines locations **
//ADDRESS    SIZE    PROCEDURE
//----------------------------------------------
0x001C      [10]    _Delay_50us
0x0026      [22]    _Delay_5500us
0x003C      [12]    _Delay_1us
0x0048     [124]    _Lcd_Cmd
0x00C4      [12]    _Lcd_Chr_CP
0x00D0      [16]    ___CC2DW
0x00E0      [54]    _Div_16x16_U
0x0116     [122]    _Lcd_Out
0x0190      [12]    _Delay_10us
0x019C      [80]    _Keypad_Key_Press
0x01EC     [104]    _Intro
0x0254     [150]    _Lcd_Init
0x02EA       [6]    _Keypad_Init
0x02F0     [144]    _WordToStr
0x0380      [90]    _Lcd_Chr
0x03DA      [24]    _Keypad_Key_Click
0x03F2     [350]    _main
//** Variables locations ** 
//ADDRESS    SIZE    VARIABLE
//----------------------------------------------
0x0000       [1]    __Lib_SoftI2C_PutZerosToLATSda_temp_sda_L0
0x0000       [1]    EEPROM_Write_SaveINTCON_L0
0x0000       [1]    __Lib_SoftI2C_PutZerosToLATScl_temp_scl_L0
0x0000       [1]    SPI1_Write_tmp_L0
0x0000       [1]    R0
0x0000       [1]    FLASH_Erase_64_SaveINTCON_L0
0x0000       [1]    UART1_Init_tmp_L0
0x0001       [1]    FLASH_Erase_Write_64_i_L0
0x0001       [1]    R1
0x0001       [1]    FLASH_Write_32_i_L0
0x0001       [1]    __Lib_TFT_16bit_JPEG_FileRead_i_L0
0x0001       [2]    FLASH_Read_N_Bytes_i_L0
0x0001       [1]    __Lib_TFT_16bit_JPEG_FileReadBytes_Result_L0
0x0001       [1]    ispunct_rslt_L0
0x0001       [1]    __Lib_TFT_JPEG_FileRead_i_L0
0x0001       [1]    UART1_Read___tmp_UART1_Read_L0
0x0001       [1]    __Lib_TFT_JPEG_FileReadBytes_Result_L0
0x0001       [1]    I2C1_Rd_tmp_L0
0x0001       [1]    __Lib_PS2_Wait_Falling_nsample_L0
0x0002       [1]    FLASH_Erase_Write_64_j_L0
0x0002       [1]    R2
0x0002       [2]    memset_pp_L0
0x0002       [2]    memchr_s_L0
0x0002       [2]    strlen_cp_L0
0x0002       [1]    FLASH_Write_32_SaveINTCON_L0
0x0002       [2]    memcpy_dd_L0
0x0003       [1]    R3
0x0003       [1]    MM_Init_i_L0
0x0003       [1]    FLASH_Erase_Write_64_SaveINTCON_L0
0x0003       [2]    __Lib_MmcFat16_f16_toInt_l_L0
0x0003       [2]    Ltrim_original_L0
0x0003       [2]    memmove_tt_L0
0x0003       [2]    MM_TotalFreeMemSize_Tot_L0
0x0004       [2]    memcpy_ss_L0
0x0004       [2]    __Lib_MemManager_MM_GetMemAlign_P_L0
0x0004       [2]    strcpy_cp_L0
0x0004       [2]    strcat_cp_L0
0x0004       [2]    frexp_pom_L0
0x0004       [1]    R4
0x0004       [2]    strncat_cp_L0
0x0004       [2]    strncpy_cp_L0
0x0005       [1]    MM_TotalFreeMemSize_i_L0
0x0005       [2]    LongWordToHex_input_half_L0
0x0005       [2]    memmove_ff_L0
0x0005       [2]    Ltrim_p_L0
0x0005       [2]    LongIntToHex_input_half_L0
0x0005       [1]    R5
0x0006       [1]    __Lib_MemManager_MM_GetMemAlign_i_L0
0x0006       [1]    R6
0x0007       [1]    R7
0x0007       [1]    __Lib_TFT_16bit_JPEG_GenerateHuffmanTables_bLength_L0
0x0007       [1]    __Lib_TFT_JPEG_GenerateHuffmanTables_bLength_L0
0x0008       [1]    __Lib_TFT_JPEG_GenerateHuffmanTables_bTable_L0
0x0008       [1]    R8
0x0008       [1]    __Lib_TFT_16bit_JPEG_GenerateHuffmanTables_bTable_L0
0x0009       [4]    __Lib_MmcFat16_f16_toLong_l_L0
0x0009       [1]    R9
0x000A       [1]    R10
0x000B       [1]    R11
0x000C       [1]    R12
0x000D       [1]    R13
0x000E       [1]    R14
0x000F       [1]    R15
0x0010       [1]    R16
0x0011       [1]    R17
0x0012       [1]    R18
0x0013       [1]    R19
0x0014       [1]    R20
0x0015       [4]    ?lstr1_ContAcesso
0x0019       [1]    _oldstate
0x001A       [1]    _kp
0x001B       [1]    _cnt
0x001C       [0]    __Lib_Lcd_cmd_status
0x001D       [6]    _txt
0x0023      [17]    Intro_txtI1_L0
0x0023       [2]    FARG_WordToStr_input
0x0023       [1]    Keypad_Key_Click_rslt_L0
0x0023       [1]    FARG_Lcd_Chr_row
0x0024       [1]    FARG_Lcd_Chr_column
0x0025       [1]    FARG_Lcd_Chr_out_char
0x0025       [2]    FARG_WordToStr_output
0x0027       [1]    WordToStr_len_L0
0x0028       [2]    FLOC__WordToStr
0x0034      [17]    Intro_txtI2_L0
0x0045       [1]    FARG_Lcd_Out_row
0x0045       [1]    Keypad_Key_Press_rslt_L0
0x0046       [1]    Keypad_Key_Press_kdata_L0
0x0046       [1]    FARG_Lcd_Out_column
0x0047       [1]    Keypad_Key_Press_loc_L0
0x0047       [2]    FARG_Lcd_Out_text
0x0048       [1]    Keypad_Key_Press_rowcnt_L0
0x0049       [1]    Lcd_Out_i_L0
0x0049       [1]    Keypad_Key_Press_shifter_L0
0x004A       [1]    FARG_Lcd_Chr_CP_out_char
0x004B       [1]    FARG_Lcd_Cmd_out_char
0x0F7E       [1]    ANSEL
0x0F7F       [1]    ANSELH
0x0F82       [1]    PORTC
0x0F82       [1]    keypadPort
0x0F8C       [0]    LATD4_bit
0x0F8C       [0]    LATD7_bit
0x0F8C       [0]    LCD_D7
0x0F8C       [0]    LCD_D6
0x0F8C       [0]    LCD_D4
0x0F8C       [0]    LCD_D5
0x0F8C       [0]    LATD5_bit
0x0F8C       [0]    LATD6_bit
0x0F8D       [0]    LCD_RS
0x0F8D       [0]    LCD_EN
0x0F8D       [0]    LATE0_bit
0x0F8D       [0]    LATE1_bit
0x0F95       [0]    TRISD5_bit
0x0F95       [0]    TRISD4_bit
0x0F95       [0]    LCD_D5_Direction
0x0F95       [0]    LCD_D7_Direction
0x0F95       [0]    LCD_D6_Direction
0x0F95       [0]    LCD_D4_Direction
0x0F95       [0]    TRISD6_bit
0x0F95       [0]    TRISD7_bit
0x0F96       [0]    TRISE0_bit
0x0F96       [0]    TRISE1_bit
0x0F96       [0]    LCD_EN_Direction
0x0F96       [0]    LCD_RS_Direction
0x0FD8       [1]    STATUS
0x0FD9       [1]    FSR2L
0x0FDA       [1]    FSR2H
0x0FDE       [1]    POSTINC2
0x0FE0       [1]    BSR
0x0FE1       [1]    FSR1L
0x0FE2       [1]    FSR1H
0x0FE4       [1]    PREINC1
0x0FE6       [1]    POSTINC1
0x0FE7       [1]    INDF1
0x0FE8       [1]    WREG
0x0FE9       [1]    FSR0L
0x0FEA       [1]    FSR0H
0x0FEE       [1]    POSTINC0
0x0FF3       [1]    PRODL
0x0FF4       [1]    PRODH
0x0FF5       [1]    TABLAT
0x0FF6       [1]    TBLPTRL
0x0FF7       [1]    TBLPTRH
0x0FF8       [1]    TBLPTRU
//** Constants locations ** 
//ADDRESS    SIZE    CONSTANT
//----------------------------------------------
0x0550      [17]    ?ICSIntro_txtI1_L0
0x0561      [17]    ?ICSIntro_txtI2_L0
//** Label List: ** 
//----------------------------------------------
  L_Intro0
  L_main1
  L_main2
  L_main3
  L_main4
  L_main5
  L_main6
  L_main7
  L_main8
  L_main9
  L_main10
  L_main11
  L_main12
  L_main13
  L_main14
  L_main15
  L_main16
  L_main17
  L_main18
  L_main19
  L_main20
  L_main21
  L_main22
  L_main23
  L_main24
  L_main25
  L_main26
  L_main27
  L_end_Intro
  _Intro
  L_end_main
  _main
  L_ByteToStr0
  L_ByteToStr1
  L_ByteToStr2
  L_ByteToStr3
  L_ByteToStr4
  L_ByteToStr5
  L_WordToStr6
  L_WordToStr7
  L_WordToStr8
  L_WordToStr9
  L_WordToStr10
  L_WordToStr11
  L_WordToStrWithZeros12
  L_WordToStrWithZeros13
  L_WordToStrWithZeros14
  L_WordToStrWithZeros15
  L_WordToStrWithZeros16
  L_ShortToStr17
  L_ShortToStr18
  L_ShortToStr19
  L_ShortToStr20
  L_ShortToStr21
  L_ShortToStr22
  L_IntToStr23
  L_IntToStr24
  L_IntToStr25
  L_IntToStr26
  L_IntToStr27
  L_IntToStr28
  L_IntToStrWithZeros29
  L_IntToStrWithZeros30
  L_IntToStrWithZeros31
  L_IntToStrWithZeros32
  L_IntToStrWithZeros33
  L_IntToStrWithZeros34
  L_IntToStrWithZeros35
  L_IntToStrWithZeros36
  L_IntToStrWithZeros37
  L_LongWordToStr38
  L_LongWordToStr39
  L_LongWordToStr40
  L_LongWordToStr41
  L_LongWordToStr42
  L_LongWordToStr43
  L_LongWordToStrWithZeros44
  L_LongWordToStrWithZeros45
  L_LongWordToStrWithZeros46
  L_LongWordToStrWithZeros47
  L_LongWordToStrWithZeros48
  L_LongToStr49
  L_LongToStr50
  L_LongToStr51
  L_LongToStr52
  L_LongToStr53
  L_LongToStr54
  L_LongIntToStrWithZeros55
  L_LongIntToStrWithZeros56
  L_LongIntToStrWithZeros57
  L_LongIntToStrWithZeros58
  L_LongIntToStrWithZeros59
  L_LongIntToStrWithZeros60
  L_LongIntToStrWithZeros61
  L_LongIntToStrWithZeros62
  L_LongIntToStrWithZeros63
  L_Dec2Bcd64
  L_Dec2Bcd65
  L_Rtrim66
  L_Rtrim67
  L_Rtrim68
  L_Rtrim69
  L_Ltrim70
  L_Ltrim71
  L_Ltrim72
  L_Ltrim73
  L_Ltrim74
  L_Ltrim75
  L_FloatToStr76
  L_FloatToStr77
  L_FloatToStr78
  L_FloatToStr79
  L_FloatToStr80
  L_FloatToStr81
  L_FloatToStr82
  L_FloatToStr83
  L_FloatToStr84
  L_FloatToStr85
  L_FloatToStr86
  L_FloatToStr87
  L_FloatToStr88
  L_FloatToStr89
  L_FloatToStr90
  L_FloatToStr91
  L_FloatToStr92
  L_FloatToStr93
  L_FloatToStr94
  L_FloatToStr95
  L_FloatToStr96
  L_FloatToStr97
  L__Rtrim98
  L__Ltrim99
  L__FloatToStr100
  L_end_ByteToHex
  _ByteToHex
  L_end_ShortToHex
  _ShortToHex
  L_end_WordToHex
  _WordToHex
  L_end_IntToHex
  _IntToHex
  L_end_LongWordToHex
  _LongWordToHex
  L_end_LongIntToHex
  _LongIntToHex
  L_end_ByteToStr
  _ByteToStr
  L_end_WordToStr
  _WordToStr
  L__WordToStr109
  L_end_WordToStrWithZeros
  _WordToStrWithZeros
  L__WordToStrWithZeros111
  L_end_ShortToStr
  _ShortToStr
  L__ShortToStr113
  L_end_IntToStr
  _IntToStr
  L__IntToStr115
  L__IntToStr116
  L_end_IntToStrWithZeros
  _IntToStrWithZeros
  L__IntToStrWithZeros118
  L__IntToStrWithZeros119
  L__IntToStrWithZeros120
  L_end_LongWordToStr
  _LongWordToStr
  L__LongWordToStr122
  L__LongWordToStr123
  L_end_LongWordToStrWithZeros
  _LongWordToStrWithZeros
  L__LongWordToStrWithZeros125
  L_end_LongToStr
  _LongToStr
  L__LongToStr127
  L__LongToStr128
  L_end_LongIntToStrWithZeros
  _LongIntToStrWithZeros
  L__LongIntToStrWithZeros130
  L__LongIntToStrWithZeros131
  L__LongIntToStrWithZeros132
  L_end_Dec2Bcd
  _Dec2Bcd
  L_end_Bcd2Dec
  _Bcd2Dec
  L_end_Bcd2Dec16
  _Bcd2Dec16
  L__Bcd2Dec16136
  L__Bcd2Dec16137
  L_end_Dec2Bcd16
  _Dec2Bcd16
  L__Dec2Bcd16139
  L__Dec2Bcd16140
  L_end_Rtrim
  _Rtrim
  L__Rtrim142
  L_end_Ltrim
  _Ltrim
  L_end_FloatToStr
  _FloatToStr
  L__FloatToStr145
  L__FloatToStr146
  L__FloatToStr147
  L__FloatToStr148
  L__FloatToStr149
  L_Delay_10us0
  L_Delay_22us1
  L_Delay_50us2
  L_Delay_80us3
  L_Delay_500us4
  L_Delay_5500us5
  L_Delay_1ms6
  L_Delay_5ms7
  L_Delay_8ms8
  L_Delay_100ms9
  L_Delay_10ms10
  L_Delay_1sec11
  L____Boot_Delay4k12
  L____Boot_Delay8k13
  L____Boot_Delay12k14
  L____Boot_Delay16k15
  L____Boot_Delay24k16
  L____Boot_Delay32k17
  L____Boot_Delay48k18
  L____Boot_Delay64k19
  L____Boot_Delay128k20
  L_Delay_Cyc21
  L_Delay_Cyc22
  L_VDelay_ms23
  L_VDelay_ms24
  L_VDelay_ms25
  L_VDelay_Advanced_ms26
  L_VDelay_Advanced_ms27
  L_VDelay_Advanced_ms28
  L_end_Get_Fosc_kHz
  _Get_Fosc_kHz
  L_end_Delay_1us
  _Delay_1us
  L_end_Delay_10us
  _Delay_10us
  L_end_Delay_22us
  _Delay_22us
  L_end_Delay_50us
  _Delay_50us
  L_end_Delay_80us
  _Delay_80us
  L_end_Delay_500us
  _Delay_500us
  L_end_Delay_5500us
  _Delay_5500us
  L_end_Delay_1ms
  _Delay_1ms
  L_end_Delay_5ms
  _Delay_5ms
  L_end_Delay_8ms
  _Delay_8ms
  L_end_Delay_100ms
  _Delay_100ms
  L_end_Delay_10ms
  _Delay_10ms
  L_end_Delay_1sec
  _Delay_1sec
  L_end____Boot_Delay4k
  ____Boot_Delay4k
  L_end____Boot_Delay8k
  ____Boot_Delay8k
  L_end____Boot_Delay12k
  ____Boot_Delay12k
  L_end____Boot_Delay16k
  ____Boot_Delay16k
  L_end____Boot_Delay24k
  ____Boot_Delay24k
  L_end____Boot_Delay32k
  ____Boot_Delay32k
  L_end____Boot_Delay48k
  ____Boot_Delay48k
  L_end____Boot_Delay64k
  ____Boot_Delay64k
  L_end____Boot_Delay128k
  ____Boot_Delay128k
  L_end_Delay_Cyc
  _Delay_Cyc
  L_end_VDelay_ms
  _VDelay_ms
  L__VDelay_ms54
  L__VDelay_ms55
  L__VDelay_ms56
  L_end_VDelay_Advanced_ms
  _VDelay_Advanced_ms
  L__VDelay_Advanced_ms58
  L__VDelay_Advanced_ms59
  L__VDelay_Advanced_ms60
  L_Keypad_Key_Press0
  L_Keypad_Key_Press1
  L_Keypad_Key_Press2
  L_Keypad_Key_Press3
  L_Keypad_Key_Press4
  L_Keypad_Key_Click5
  L_Keypad_Key_Click6
  L_end_Keypad_Init
  _Keypad_Init
  L_end_Keypad_Key_Press
  _Keypad_Key_Press
  L_end_Keypad_Key_Click
  _Keypad_Key_Click
  L_Lcd_Cmd0
  L_Lcd_Cmd1
  L_Lcd_Out_CP2
  L_Lcd_Out_CP3
  L_Lcd_Chr4
  L_Lcd_Chr5
  L_Lcd_Chr6
  L_Lcd_Chr7
  L_Lcd_Chr8
  L_Lcd_Chr9
  L_Lcd_Chr10
  L_Lcd_Out11
  L_Lcd_Out12
  L_Lcd_Out13
  L_Lcd_Out14
  L_Lcd_Out15
  L_Lcd_Out16
  L_Lcd_Out17
  L_Lcd_Out18
  L_Lcd_Out19
  L_end_Lcd_Cmd
  _Lcd_Cmd
  L__Lcd_Cmd21
  L__Lcd_Cmd22
  L__Lcd_Cmd23
  L__Lcd_Cmd24
  L__Lcd_Cmd25
  L__Lcd_Cmd26
  L__Lcd_Cmd27
  L__Lcd_Cmd28
  L__Lcd_Cmd29
  L__Lcd_Cmd30
  L__Lcd_Cmd31
  L__Lcd_Cmd32
  L__Lcd_Cmd33
  L__Lcd_Cmd34
  L__Lcd_Cmd35
  L__Lcd_Cmd36
  L__Lcd_Cmd37
  L__Lcd_Cmd38
  L__Lcd_Cmd39
  L__Lcd_Cmd40
  L_end_Lcd_Chr_CP
  _Lcd_Chr_CP
  L_end_Lcd_Out_CP
  _Lcd_Out_CP
  L_end_Lcd_Chr
  _Lcd_Chr
  L_end_Lcd_Init
  _Lcd_Init
  L_end_Lcd_Out
  _Lcd_Out
  L_Div_16x16_S0
  L_Div_16x16_S1
  LOOPS3232A
  SADD22LA
  SOK22LA
  SADD22L8
  SOK22L8
  LOOPS3232B
  SADD22LB
  SOK22LB
  SADD22L16
  SOK22L16
  LOOPS3232C
  SADD22LC
  SOK22LC
  SADD22L24
  SOK22L24
  LOOPS3232D
  SADD22LD
  SOK22LD
  SOK22L
  L_Div_32x32_S6
  L_Div_32x32_S7
  L_Div_32x32_S8
  L_Div_32x32_S9
  FXD3232S
  END_ALL
  CA3232S
  C3232SX
  C3232SX1
  C3232S
  C3232S2
  C3232SX4
  C3232SOK
  C3232SX3
  C3232SX2
  avoid_comfrem
  LOOPU3232A
  UADD22LA
  UOK22LA
  UADD22L8
  UOK22L8
  LOOPU3232B
  UADD22LB
  UOK22LB
  UADD22L16
  UOK22L16
  LOOPU3232C
  UADD22LC
  UOK22LC
  UADD22L24
  UOK22L24
  LOOPU3232D
  UADD22LD
  UOK22LD
  UOK22L
  _NEXT
  _EXIT2
  _LOOP
  _EXIT1
  _IF_FIRST
  _IF_SECOND
  _INVERCE_FIRST
  _MULT
  _INBERSE_SECOND
  _EXIT
  L_end_Div_8x8_U
  _Div_8x8_U
  L_end_Div_16x16_U
  _Div_16x16_U
  L_end_Div_16x16_S_L
  _Div_16x16_S_L
  L_end_Div_16x16_S
  _Div_16x16_S
  L_end_Div_8x8_S
  _Div_8x8_S
  L_end_Mul_8x8_S
  _Mul_8x8_S
  L_end_Mul_16x16_U
  _Mul_16x16_U
  L_end_Mul_16x16_S
  _Mul_16x16_S
  L_end_SDIV3232L
  _SDIV3232L
  L_end_COMFREM
  _COMFREM
  L_end_Div_32x32_S
  _Div_32x32_S
  L_end_Div_32x32_U
  _Div_32x32_U
  L_end_Mul_32x32_U
  _Mul_32x32_U
  L_end_Mul_32x32_S
  _Mul_32x32_S
  _CC2D_Loop1
  _CC2DL_Loop1
  L_loopCA2AWs
  L_loopCCA2AWs
  L_loopCS2Ss
  L_CS2Send
  L_loopCCS2Ss
  L_CCS2Send
  L_loopFZinSWs
  L_longjmp7
  L_end___CC2D
  ___CC2D
  L_end___CC2DW
  ___CC2DW
  L_end___CA2AW
  ___CA2AW
  L_end___CCA2AW
  ___CCA2AW
  L_end___CS2S
  ___CS2S
  L_end___CCS2S
  ___CCS2S
  L_end___FZinS
  ___FZinS
  L_end_____DoIFC
  _____DoIFC
  L_end_Swap
  _Swap
  L_end_setjmp
  _setjmp
  L_end_longjmp
  _longjmp
